

Processing ApplicationController#index (for 127.0.0.1 at 2010-02-07 16:01:52) [GET]

ActionController::RoutingError (No route matches "/recipes" with {:method=>:get}):
  -e:2:in `load'
  -e:2

Rendering rescues/layout (not_found)


Processing ApplicationController#index (for 127.0.0.1 at 2010-02-07 16:02:32) [GET]

ActionController::RoutingError (No route matches "/recipes" with {:method=>:get}):
  -e:2:in `load'
  -e:2

Rendering rescues/layout (not_found)


Processing ApplicationController#index (for 127.0.0.1 at 2010-02-07 16:02:38) [GET]

ActionController::RoutingError (No route matches "/recipes" with {:method=>:get}):
  -e:2:in `load'
  -e:2

Rendering rescues/layout (not_found)


Processing ApplicationController#index (for 127.0.0.1 at 2010-02-07 16:03:40) [GET]

ActionController::RoutingError (No route matches "/recipes" with {:method=>:get}):
  -e:2:in `load'
  -e:2

Rendering rescues/layout (not_found)


Processing UsersController#index (for 127.0.0.1 at 2010-02-07 16:04:26) [GET]
  [4;36;1mUser Load (0.0ms)[0m   [0;1mSQLite3::SQLException: no such table: users: SELECT * FROM "users" [0m

ActiveRecord::StatementInvalid (SQLite3::SQLException: no such table: users: SELECT * FROM "users" ):
  app/controllers/users_controller.rb:5:in `index'
  -e:2:in `load'
  -e:2

Rendered rescues/_trace (246.0ms)
Rendered rescues/_request_and_response (7.0ms)
Rendering rescues/layout (internal_server_error)


Processing UsersController#index (for 127.0.0.1 at 2010-02-07 16:05:17) [GET]
  [4;35;1mUser Load (0.0ms)[0m   [0mSQLite3::SQLException: no such table: users: SELECT * FROM "users" [0m

ActiveRecord::StatementInvalid (SQLite3::SQLException: no such table: users: SELECT * FROM "users" ):
  app/controllers/users_controller.rb:5:in `index'
  -e:2:in `load'
  -e:2

Rendered rescues/_trace (293.0ms)
Rendered rescues/_request_and_response (3.0ms)
Rendering rescues/layout (internal_server_error)


Processing UsersController#index (for 127.0.0.1 at 2010-02-07 16:05:23) [GET]
  [4;36;1mUser Load (0.0ms)[0m   [0;1mSQLite3::SQLException: no such table: users: SELECT * FROM "users" [0m

ActiveRecord::StatementInvalid (SQLite3::SQLException: no such table: users: SELECT * FROM "users" ):
  app/controllers/users_controller.rb:5:in `index'
  -e:2:in `load'
  -e:2

Rendered rescues/_trace (398.0ms)
Rendered rescues/_request_and_response (1.0ms)
Rendering rescues/layout (internal_server_error)


Processing UsersController#index (for 127.0.0.1 at 2010-02-07 16:05:24) [GET]
  [4;35;1mUser Load (0.0ms)[0m   [0mSQLite3::SQLException: no such table: users: SELECT * FROM "users" [0m

ActiveRecord::StatementInvalid (SQLite3::SQLException: no such table: users: SELECT * FROM "users" ):
  app/controllers/users_controller.rb:5:in `index'
  -e:2:in `load'
  -e:2

Rendered rescues/_trace (184.0ms)
Rendered rescues/_request_and_response (0.0ms)
Rendering rescues/layout (internal_server_error)


Processing UsersController#index (for 127.0.0.1 at 2010-02-07 16:05:24) [GET]
  [4;36;1mUser Load (0.0ms)[0m   [0;1mSQLite3::SQLException: no such table: users: SELECT * FROM "users" [0m

ActiveRecord::StatementInvalid (SQLite3::SQLException: no such table: users: SELECT * FROM "users" ):
  app/controllers/users_controller.rb:5:in `index'
  -e:2:in `load'
  -e:2

Rendered rescues/_trace (361.0ms)
Rendered rescues/_request_and_response (1.0ms)
Rendering rescues/layout (internal_server_error)
  [4;36;1mSQL (1.0ms)[0m   [0;1m SELECT name
 FROM sqlite_master
 WHERE type = 'table' AND NOT name = 'sqlite_sequence'
[0m
  [4;35;1mSQL (0.0ms)[0m   [0mselect sqlite_version(*)[0m
  [4;36;1mSQL (79.0ms)[0m   [0;1mCREATE TABLE "schema_migrations" ("version" varchar(255) NOT NULL) [0m
  [4;35;1mSQL (74.0ms)[0m   [0mCREATE UNIQUE INDEX "unique_schema_migrations" ON "schema_migrations" ("version")[0m
  [4;36;1mSQL (2.0ms)[0m   [0;1m SELECT name
 FROM sqlite_master
 WHERE type = 'table' AND NOT name = 'sqlite_sequence'
[0m
  [4;35;1mSQL (0.0ms)[0m   [0mSELECT version FROM schema_migrations[0m
Migrating to CreateUsers (20100207204621)
  [4;36;1mSQL (10.0ms)[0m   [0;1mCREATE TABLE "users" ("id" INTEGER PRIMARY KEY AUTOINCREMENT NOT NULL, "first" varchar(255), "last" varchar(255), "job_description" text, "created_at" datetime, "updated_at" datetime) [0m
  [4;35;1mSQL (0.0ms)[0m   [0mINSERT INTO schema_migrations (version) VALUES ('20100207204621')[0m
  [4;36;1mSQL (2.0ms)[0m   [0;1m SELECT name
 FROM sqlite_master
 WHERE type = 'table' AND NOT name = 'sqlite_sequence'
[0m
  [4;35;1mSQL (1.0ms)[0m   [0mSELECT version FROM schema_migrations[0m
  [4;36;1mSQL (1.0ms)[0m   [0;1m SELECT name
 FROM sqlite_master
 WHERE type = 'table' AND NOT name = 'sqlite_sequence'
[0m
  [4;35;1mSQL (0.0ms)[0m   [0mPRAGMA index_list("users")[0m


Processing UsersController#index (for 127.0.0.1 at 2010-02-07 16:06:01) [GET]
  [4;35;1mUser Load (1.0ms)[0m   [0mSELECT * FROM "users" [0m
Rendering template within layouts/users
Rendering users/index
Completed in 23582ms (View: 23441, DB: 1) | 200 OK [http://127.0.0.1/users]


Processing UsersController#index (for 127.0.0.1 at 2010-02-07 16:09:53) [GET]
  [4;36;1mUser Load (2.0ms)[0m   [0;1mSELECT * FROM "users" [0m
Rendering template within layouts/users
Rendering users/index
Completed in 9253ms (View: 9230, DB: 2) | 200 OK [http://127.0.0.1/users]


Processing UsersController#new (for 127.0.0.1 at 2010-02-07 16:10:56) [GET]
Rendering template within layouts/users
Rendering users/new
Completed in 99ms (View: 74, DB: 0) | 200 OK [http://127.0.0.1/users/new]


Processing UsersController#index (for 127.0.0.1 at 2010-02-07 16:11:35) [GET]
  [4;35;1mUser Load (1.0ms)[0m   [0mSELECT * FROM "users" [0m
Rendering template within layouts/users
Rendering users/index
Completed in 34ms (View: 6, DB: 1) | 200 OK [http://127.0.0.1/users]


Processing UsersController#index (for 127.0.0.1 at 2010-02-07 16:11:52) [GET]
  [4;36;1mUser Load (3.0ms)[0m   [0;1mSELECT * FROM "users" [0m
Rendering template within layouts/users
Rendering users/index
Completed in 45ms (View: 19, DB: 3) | 200 OK [http://127.0.0.1/users]


Processing UsersController#index (for 127.0.0.1 at 2010-02-07 16:12:21) [GET]
  [4;35;1mUser Load (2.0ms)[0m   [0mSELECT * FROM "users" [0m
Rendering template within layouts/users
Rendering users/index
Completed in 45ms (View: 21, DB: 2) | 200 OK [http://127.0.0.1/users]


Processing UsersController#index (for 127.0.0.1 at 2010-02-07 16:14:08) [GET]
  [4;36;1mUser Load (2.0ms)[0m   [0;1mSELECT * FROM "users" [0m
Rendering template within layouts/users
Rendering users/index
Completed in 49ms (View: 27, DB: 2) | 200 OK [http://127.0.0.1/users]


Processing UsersController#index (for 127.0.0.1 at 2010-02-07 16:14:13) [GET]
  [4;35;1mUser Load (2.0ms)[0m   [0mSELECT * FROM "users" [0m
Rendering template within layouts/users
Rendering users/index
Completed in 33ms (View: 8, DB: 2) | 200 OK [http://127.0.0.1/users]


Processing UsersController#index (for 127.0.0.1 at 2010-02-07 16:14:32) [GET]
  [4;36;1mUser Load (1.0ms)[0m   [0;1mSELECT * FROM "users" [0m
Rendering template within layouts/users
Rendering users/index
Completed in 85ms (View: 25, DB: 1) | 200 OK [http://127.0.0.1/users]


Processing UsersController#new (for 127.0.0.1 at 2010-02-07 16:16:01) [GET]
Rendering template within layouts/users
Rendering users/new
Completed in 47ms (View: 23, DB: 0) | 200 OK [http://127.0.0.1/users/new]


Processing UsersController#create (for 127.0.0.1 at 2010-02-07 16:16:17) [POST]
  Parameters: {"user"=>{"last"=>"Chica", "first"=>"Hola", "job_description"=>"Says hello to hot girls."}, "commit"=>"Create", "authenticity_token"=>"Ckkh8Ps0hrcj6oIV5CpYjnPm1dnYTF/TXeYsE/bKY9c="}
  [4;35;1mUser Create (5.0ms)[0m   [0mINSERT INTO "users" ("updated_at", "last", "first", "job_description", "created_at") VALUES('2010-02-07 21:16:17', 'Chica', 'Hola', 'Says hello to hot girls.', '2010-02-07 21:16:17')[0m
Redirected to http://127.0.0.1:3000/users/1
Completed in 178ms (DB: 5) | 302 Found [http://127.0.0.1/users]


Processing UsersController#show (for 127.0.0.1 at 2010-02-07 16:16:17) [GET]
  Parameters: {"id"=>"1"}
  [4;36;1mUser Load (4.0ms)[0m   [0;1mSELECT * FROM "users" WHERE ("users"."id" = 1) [0m
Rendering template within layouts/users
Rendering users/show
Completed in 143ms (View: 49, DB: 4) | 200 OK [http://127.0.0.1/users/1]


Processing UsersController#index (for 127.0.0.1 at 2010-02-07 16:16:20) [GET]
  [4;35;1mUser Load (3.0ms)[0m   [0mSELECT * FROM "users" [0m
Rendering template within layouts/users
Rendering users/index
Completed in 203ms (View: 173, DB: 3) | 200 OK [http://127.0.0.1/users]


Processing UsersController#index (for 127.0.0.1 at 2010-02-07 16:23:32) [GET]
  [4;36;1mUser Load (2.0ms)[0m   [0;1mSELECT * FROM "users" [0m
Rendering template within layouts/users
Rendering users/index
Completed in 46ms (View: 24, DB: 2) | 200 OK [http://127.0.0.1/users]


Processing UsersController#index (for 127.0.0.1 at 2010-02-07 16:24:36) [GET]
  [4;35;1mUser Load (2.0ms)[0m   [0mSELECT * FROM "users" [0m
Rendering template within layouts/users
Rendering users/index
Completed in 57ms (View: 36, DB: 2) | 200 OK [http://127.0.0.1/users]


Processing UsersController#new (for 127.0.0.1 at 2010-02-07 16:24:39) [GET]
Rendering template within layouts/users
Rendering users/new
Completed in 43ms (View: 19, DB: 0) | 200 OK [http://127.0.0.1/users/new]


Processing UsersController#new (for 127.0.0.1 at 2010-02-07 16:24:40) [GET]
Rendering template within layouts/users
Rendering users/new
Completed in 42ms (View: 20, DB: 0) | 200 OK [http://127.0.0.1/users/new]


Processing UsersController#new (for 127.0.0.1 at 2010-02-07 16:25:29) [GET]
Rendering template within layouts/users
Rendering users/new
Completed in 47ms (View: 20, DB: 0) | 200 OK [http://127.0.0.1/users/new]


Processing UsersController#new (for 127.0.0.1 at 2010-02-07 16:25:34) [GET]
Rendering template within layouts/users
Rendering users/new
Completed in 44ms (View: 21, DB: 0) | 200 OK [http://127.0.0.1/users/new]


Processing ApplicationController#index (for 127.0.0.1 at 2010-02-07 16:26:03) [GET]

ActionController::RoutingError (No route matches "/bar" with {:method=>:get}):
  

Rendering rescues/layout (not_found)


Processing UsersController#index (for 127.0.0.1 at 2010-02-07 16:26:35) [GET]
  [4;36;1mUser Load (3.0ms)[0m   [0;1mSELECT * FROM "users" [0m
Rendering template within layouts/users
Rendering users/index
Completed in 75ms (View: 43, DB: 3) | 200 OK [http://127.0.0.1/users]


Processing UsersController#show (for 127.0.0.1 at 2010-02-07 16:26:36) [GET]
  Parameters: {"id"=>"1"}
  [4;35;1mUser Load (0.0ms)[0m   [0mSELECT * FROM "users" WHERE ("users"."id" = 1) [0m
Rendering template within layouts/users
Rendering users/show
Completed in 33ms (View: 10, DB: 0) | 200 OK [http://127.0.0.1/users/1]


Processing UsersController#index (for 127.0.0.1 at 2010-02-07 16:26:39) [GET]
  [4;36;1mUser Load (2.0ms)[0m   [0;1mSELECT * FROM "users" [0m
Rendering template within layouts/users
Rendering users/index
Completed in 60ms (View: 31, DB: 2) | 200 OK [http://127.0.0.1/users]
  [4;36;1mSQL (2.0ms)[0m   [0;1m SELECT name
 FROM sqlite_master
 WHERE type = 'table' AND NOT name = 'sqlite_sequence'
[0m
  [4;35;1mSQL (1.0ms)[0m   [0mSELECT version FROM schema_migrations[0m
Migrating to CreateUsers (20100207204621)
  [4;36;1mSQL (0.0ms)[0m   [0;1mselect sqlite_version(*)[0m
  [4;35;1mSQL (1.0ms)[0m   [0m SELECT name
 FROM sqlite_master
 WHERE type = 'table' AND NOT name = 'sqlite_sequence'
[0m
  [4;36;1mSQL (1.0ms)[0m   [0;1mSELECT version FROM schema_migrations[0m
  [4;35;1mSQL (1.0ms)[0m   [0m SELECT name
 FROM sqlite_master
 WHERE type = 'table' AND NOT name = 'sqlite_sequence'
[0m
  [4;36;1mSQL (0.0ms)[0m   [0;1mPRAGMA index_list("users")[0m


Processing UsersController#index (for 127.0.0.1 at 2010-02-07 16:34:31) [GET]
  [4;35;1mUser Load (2.0ms)[0m   [0mSELECT * FROM "users" [0m
Rendering template within layouts/users
Rendering users/index
Completed in 67ms (View: 40, DB: 2) | 200 OK [http://127.0.0.1/users]


Processing UsersController#show (for 127.0.0.1 at 2010-02-07 16:34:38) [GET]
  Parameters: {"id"=>"lookup"}
  [4;36;1mUser Load (1.0ms)[0m   [0;1mSELECT * FROM "users" WHERE ("users"."id" = 0) [0m

ActiveRecord::RecordNotFound (Couldn't find User with ID=lookup):
  app/controllers/users_controller.rb:16:in `show'

Rendered rescues/_trace (141.0ms)
Rendered rescues/_request_and_response (6.0ms)
Rendering rescues/layout (not_found)


Processing UsersController#show (for 127.0.0.1 at 2010-02-07 16:34:53) [GET]
  Parameters: {"id"=>"show"}
  [4;35;1mUser Load (1.0ms)[0m   [0mSELECT * FROM "users" WHERE ("users"."id" = 0) [0m

ActiveRecord::RecordNotFound (Couldn't find User with ID=show):
  app/controllers/users_controller.rb:16:in `show'

Rendered rescues/_trace (263.0ms)
Rendered rescues/_request_and_response (1.0ms)
Rendering rescues/layout (not_found)


Processing UsersController#new (for 127.0.0.1 at 2010-02-07 16:34:55) [GET]
Rendering template within layouts/users
Rendering users/new
Completed in 54ms (View: 24, DB: 0) | 200 OK [http://127.0.0.1/users/new]


Processing UsersController#show (for 127.0.0.1 at 2010-02-07 16:43:22) [GET]
  Parameters: {"id"=>"lookup"}
  [4;36;1mUser Load (0.0ms)[0m   [0;1mSELECT * FROM "users" WHERE ("users"."id" = 0) [0m

ActiveRecord::RecordNotFound (Couldn't find User with ID=lookup):
  app/controllers/users_controller.rb:16:in `show'

Rendered rescues/_trace (139.0ms)
Rendered rescues/_request_and_response (1.0ms)
Rendering rescues/layout (not_found)


Processing UsersController#show (for 127.0.0.1 at 2010-02-07 16:43:32) [GET]
  Parameters: {"id"=>"edit"}
  [4;35;1mUser Load (1.0ms)[0m   [0mSELECT * FROM "users" WHERE ("users"."id" = 0) [0m

ActiveRecord::RecordNotFound (Couldn't find User with ID=edit):
  app/controllers/users_controller.rb:16:in `show'

Rendered rescues/_trace (136.0ms)
Rendered rescues/_request_and_response (1.0ms)
Rendering rescues/layout (not_found)


Processing UsersController#edit (for 127.0.0.1 at 2010-02-07 16:43:37) [GET]
  Parameters: {"id"=>"1"}
  [4;36;1mUser Load (1.0ms)[0m   [0;1mSELECT * FROM "users" WHERE ("users"."id" = 1) [0m
Rendering template within layouts/users
Rendering users/edit
Completed in 65ms (View: 40, DB: 1) | 200 OK [http://127.0.0.1/users/1/edit]


Processing UsersController#1 (for 127.0.0.1 at 2010-02-07 16:43:42) [GET]
  Parameters: {"id"=>"lookup"}

ActionController::UnknownAction (No action responded to 1. Actions: create, destroy, edit, index, lookup, new, show, and update):
  

Rendering rescues/layout (not_found)


Processing UsersController#1 (for 127.0.0.1 at 2010-02-07 16:45:04) [GET]
  Parameters: {"id"=>"lookup"}

ActionController::UnknownAction (No action responded to 1. Actions: create, destroy, edit, index, lookup, new, show, and update):
  

Rendering rescues/layout (not_found)


Processing UsersController#1 (for 127.0.0.1 at 2010-02-07 16:53:06) [GET]
  Parameters: {"id"=>"lookup"}

ActionController::UnknownAction (No action responded to 1. Actions: create, destroy, edit, index, lookup, new, show, and update):
  

Rendering rescues/layout (not_found)


Processing UsersController#1 (for 127.0.0.1 at 2010-02-07 16:53:08) [GET]
  Parameters: {"id"=>"lookup"}

ActionController::UnknownAction (No action responded to 1. Actions: create, destroy, edit, index, lookup, new, show, and update):
  

Rendering rescues/layout (not_found)


Processing UsersController#1 (for 127.0.0.1 at 2010-02-07 16:54:16) [GET]
  Parameters: {"id"=>"lookup"}

ActionController::UnknownAction (No action responded to 1. Actions: create, destroy, edit, index, lookup, new, show, and update):
  

Rendering rescues/layout (not_found)


Processing UsersController#1 (for 127.0.0.1 at 2010-02-07 16:58:17) [GET]
  Parameters: {"id"=>"lookup"}

ActionController::UnknownAction (No action responded to 1. Actions: create, destroy, edit, index, lookup, new, show, and update):
  

Rendering rescues/layout (not_found)


Processing UsersController#show (for 127.0.0.1 at 2010-02-07 17:09:35) [GET]
  Parameters: {"id"=>"1"}
  [4;36;1mUser Load (0.0ms)[0m   [0;1mSELECT * FROM "users" WHERE ("users"."id" = 1) [0m
Rendering template within layouts/users
Rendering users/show
Completed in 214ms (View: 187, DB: 0) | 200 OK [http://127.0.0.1/users/1]


Processing UsersController#show (for 127.0.0.1 at 2010-02-07 17:10:21) [GET]
  Parameters: {"id"=>"1"}
  [4;35;1mUser Load (1.0ms)[0m   [0mSELECT * FROM "users" WHERE ("users"."id" = 1) [0m
Rendering template within layouts/users
Rendering users/show
Completed in 350ms (View: 56, DB: 1) | 200 OK [http://127.0.0.1/users/1]


Processing UsersController#index (for 127.0.0.1 at 2010-02-07 17:10:27) [GET]
  [4;36;1mUser Load (9.0ms)[0m   [0;1mSELECT * FROM "users" [0m
Rendering template within layouts/users
Rendering users/index
Completed in 75ms (View: 39, DB: 9) | 200 OK [http://127.0.0.1/users]


Processing UsersController#new (for 127.0.0.1 at 2010-02-07 17:10:32) [GET]
Rendering template within layouts/users
Rendering users/new
Completed in 66ms (View: 43, DB: 0) | 200 OK [http://127.0.0.1/users/new]


Processing UsersController#create (for 127.0.0.1 at 2010-02-07 17:10:42) [POST]
  Parameters: {"user"=>{"last"=>"two", "first"=>"num", "job_description"=>"the second in command\r\n"}, "commit"=>"Create", "authenticity_token"=>"Ckkh8Ps0hrcj6oIV5CpYjnPm1dnYTF/TXeYsE/bKY9c="}
  [4;35;1mUser Create (6.0ms)[0m   [0mINSERT INTO "users" ("updated_at", "last", "first", "job_description", "created_at") VALUES('2010-02-07 22:10:42', 'two', 'num', 'the second in command
', '2010-02-07 22:10:42')[0m
Redirected to http://127.0.0.1:3000/users/2
Completed in 143ms (DB: 6) | 302 Found [http://127.0.0.1/users]


Processing UsersController#show (for 127.0.0.1 at 2010-02-07 17:10:42) [GET]
  Parameters: {"id"=>"2"}
  [4;36;1mUser Load (1.0ms)[0m   [0;1mSELECT * FROM "users" WHERE ("users"."id" = 2) [0m
Rendering template within layouts/users
Rendering users/show
Completed in 59ms (View: 10, DB: 1) | 200 OK [http://127.0.0.1/users/2]


Processing UsersController#index (for 127.0.0.1 at 2010-02-07 17:10:45) [GET]
  [4;35;1mUser Load (2.0ms)[0m   [0mSELECT * FROM "users" [0m
Rendering template within layouts/users
Rendering users/index
Completed in 65ms (View: 36, DB: 2) | 200 OK [http://127.0.0.1/users]


Processing UsersController#show (for 127.0.0.1 at 2010-02-07 17:10:49) [GET]
  Parameters: {"id"=>"1"}
  [4;36;1mUser Load (5.0ms)[0m   [0;1mSELECT * FROM "users" WHERE ("users"."id" = 1) [0m
Rendering template within layouts/users
Rendering users/show
Completed in 64ms (View: 11, DB: 5) | 200 OK [http://127.0.0.1/users/1]


Processing UsersController#index (for 127.0.0.1 at 2010-02-07 17:10:51) [GET]
  [4;35;1mUser Load (2.0ms)[0m   [0mSELECT * FROM "users" [0m
Rendering template within layouts/users
Rendering users/index
Completed in 63ms (View: 33, DB: 2) | 200 OK [http://127.0.0.1/users]


Processing UsersController#index (for 127.0.0.1 at 2010-02-07 17:12:07) [GET]
  [4;36;1mUser Load (6.0ms)[0m   [0;1mSELECT * FROM "users" [0m
Rendering template within layouts/users
Rendering users/index
Completed in 100ms (View: 68, DB: 6) | 200 OK [http://127.0.0.1/users]


Processing UsersController#show (for 127.0.0.1 at 2010-02-07 17:12:11) [GET]
  Parameters: {"id"=>"1"}
  [4;35;1mUser Load (1.0ms)[0m   [0mSELECT * FROM "users" WHERE ("users"."id" = 1) [0m
Rendering template within layouts/users
Rendering users/show
Completed in 37ms (View: 10, DB: 1) | 200 OK [http://127.0.0.1/users/1]


Processing UsersController#index (for 127.0.0.1 at 2010-02-07 17:12:13) [GET]
  [4;36;1mUser Load (2.0ms)[0m   [0;1mSELECT * FROM "users" [0m
Rendering template within layouts/users
Rendering users/index
Completed in 63ms (View: 39, DB: 2) | 200 OK [http://127.0.0.1/users]


Processing UsersController#index (for 127.0.0.1 at 2010-02-07 17:13:17) [GET]
  [4;35;1mUser Load (2.0ms)[0m   [0mSELECT * FROM "users" [0m
Rendering template within layouts/users
Rendering users/index
Completed in 64ms (View: 38, DB: 2) | 200 OK [http://127.0.0.1/users]


Processing UsersController#show (for 127.0.0.1 at 2010-02-07 17:13:21) [GET]
  Parameters: {"id"=>"1"}
  [4;36;1mUser Load (1.0ms)[0m   [0;1mSELECT * FROM "users" WHERE ("users"."id" = 1) [0m
Rendering template within layouts/users
Rendering users/show
Completed in 43ms (View: 17, DB: 1) | 200 OK [http://127.0.0.1/users/1]


Processing UsersController#index (for 127.0.0.1 at 2010-02-07 17:13:22) [GET]
  [4;35;1mUser Load (3.0ms)[0m   [0mSELECT * FROM "users" [0m
Rendering template within layouts/users
Rendering users/index
Completed in 68ms (View: 35, DB: 3) | 200 OK [http://127.0.0.1/users]


Processing UsersController#index (for 127.0.0.1 at 2010-02-07 17:20:05) [GET]
  [4;36;1mUser Load (2.0ms)[0m   [0;1mSELECT * FROM "users" [0m
Rendering template within layouts/users
Rendering users/index
Completed in 121ms (View: 91, DB: 2) | 200 OK [http://127.0.0.1/users]


Processing UsersController#show (for 127.0.0.1 at 2010-02-07 17:20:08) [GET]
  Parameters: {"id"=>"1"}
  [4;35;1mUser Load (1.0ms)[0m   [0mSELECT * FROM "users" WHERE ("users"."id" = 1) [0m
Rendering template within layouts/users
Rendering users/show

ActionView::TemplateError (undefined local variable or method `nxt_user_path' for #<ActionView::Base:0x5114268>) on line #19 of app/views/users/show.html.erb:
16: 
17: <%= link_to 'Edit', edit_user_path(@user) %> |
18: <%= link_to 'Back', users_path %> |
19: <%= link_to 'Nxt', nxt_user_path %>

    app/views/users/show.html.erb:19
    app/controllers/users_controller.rb:18:in `show'

Rendered rescues/_trace (190.0ms)
Rendered rescues/_request_and_response (6.0ms)
Rendering rescues/layout (internal_server_error)


Processing UsersController#show (for 127.0.0.1 at 2010-02-07 17:20:31) [GET]
  Parameters: {"id"=>"1"}
  [4;36;1mUser Load (1.0ms)[0m   [0;1mSELECT * FROM "users" WHERE ("users"."id" = 1) [0m
Rendering template within layouts/users
Rendering users/show

ActionView::TemplateError (undefined method `nxt_user_path' for #<ActionView::Base:0x525be68>) on line #19 of app/views/users/show.html.erb:
16: 
17: <%= link_to 'Edit', edit_user_path(@user) %> |
18: <%= link_to 'Back', users_path %> |
19: <%= link_to 'Nxt', nxt_user_path(@user) %>

    app/views/users/show.html.erb:19
    app/controllers/users_controller.rb:18:in `show'

Rendered rescues/_trace (350.0ms)
Rendered rescues/_request_and_response (1.0ms)
Rendering rescues/layout (internal_server_error)


Processing UsersController#show (for 127.0.0.1 at 2010-02-07 17:21:06) [GET]
  Parameters: {"id"=>"1"}
  [4;35;1mUser Load (1.0ms)[0m   [0mSELECT * FROM "users" WHERE ("users"."id" = 1) [0m
Rendering template within layouts/users
Rendering users/show

ActionView::TemplateError (undefined method `nxt_user_path' for #<ActionView::Base:0x5495328>) on line #19 of app/views/users/show.html.erb:
16: 
17: <%= link_to 'Edit', edit_user_path(@user) %> |
18: <%= link_to 'Back', users_path %> |
19: <%= link_to 'Nxt', nxt_user_path(@user) %>

    app/views/users/show.html.erb:19
    app/controllers/users_controller.rb:18:in `show'

Rendered rescues/_trace (184.0ms)
Rendered rescues/_request_and_response (1.0ms)
Rendering rescues/layout (internal_server_error)


Processing UsersController#show (for 127.0.0.1 at 2010-02-07 17:22:38) [GET]
  Parameters: {"id"=>"1"}
  [4;36;1mUser Load (1.0ms)[0m   [0;1mSELECT * FROM "users" WHERE ("users"."id" = 1) [0m
Rendering template within layouts/users
Rendering users/show

ActionView::TemplateError (undefined method `nxt_user_path' for #<ActionView::Base:0x5148888>) on line #19 of app/views/users/show.html.erb:
16: 
17: <%= link_to 'Edit', edit_user_path(@user) %> |
18: <%= link_to 'Back', users_path %> |
19: <%= link_to 'Nxt', nxt_user_path(@user) %>

    app/views/users/show.html.erb:19
    app/controllers/users_controller.rb:18:in `show'

Rendered rescues/_trace (326.0ms)
Rendered rescues/_request_and_response (1.0ms)
Rendering rescues/layout (internal_server_error)


Processing UsersController#index (for 127.0.0.1 at 2010-02-07 17:22:43) [GET]
  [4;35;1mUser Load (3.0ms)[0m   [0mSELECT * FROM "users" [0m
Rendering template within layouts/users
Rendering users/index
Completed in 78ms (View: 44, DB: 3) | 200 OK [http://127.0.0.1/users/]


Processing UsersController#show (for 127.0.0.1 at 2010-02-07 17:22:45) [GET]
  Parameters: {"id"=>"1"}
  [4;36;1mUser Load (2.0ms)[0m   [0;1mSELECT * FROM "users" WHERE ("users"."id" = 1) [0m
Rendering template within layouts/users
Rendering users/show

ActionView::TemplateError (undefined method `nxt_user_path' for #<ActionView::Base:0x5290308>) on line #19 of app/views/users/show.html.erb:
16: 
17: <%= link_to 'Edit', edit_user_path(@user) %> |
18: <%= link_to 'Back', users_path %> |
19: <%= link_to 'Nxt', nxt_user_path(@user) %>

    app/views/users/show.html.erb:19
    app/controllers/users_controller.rb:18:in `show'

Rendered rescues/_trace (184.0ms)
Rendered rescues/_request_and_response (1.0ms)
Rendering rescues/layout (internal_server_error)


Processing UsersController#show (for 127.0.0.1 at 2010-02-07 17:23:14) [GET]
  Parameters: {"id"=>"1"}
  [4;35;1mUser Load (1.0ms)[0m   [0mSELECT * FROM "users" WHERE ("users"."id" = 1) [0m
Rendering template within layouts/users
Rendering users/show

ActionView::TemplateError (undefined method `nxt' for #<ActionView::Base:0x55090b0>) on line #19 of app/views/users/show.html.erb:
16: 
17: <%= link_to 'Edit', edit_user_path(@user) %> |
18: <%= link_to 'Back', users_path %> |
19: <%= link_to 'Nxt', nxt(@user) %>

    app/views/users/show.html.erb:19
    app/controllers/users_controller.rb:18:in `show'

Rendered rescues/_trace (182.0ms)
Rendered rescues/_request_and_response (2.0ms)
Rendering rescues/layout (internal_server_error)


Processing UsersController#show (for 127.0.0.1 at 2010-02-07 17:23:54) [GET]
  Parameters: {"id"=>"1"}
  [4;36;1mUser Load (1.0ms)[0m   [0;1mSELECT * FROM "users" WHERE ("users"."id" = 1) [0m
Rendering template within layouts/users
Rendering users/show

ActionView::TemplateError (undefined method `nxt' for #<ActionView::Base:0x51809d0>) on line #19 of app/views/users/show.html.erb:
16: 
17: <%= link_to 'Edit', edit_user_path(@user) %> |
18: <%= link_to 'Back', users_path %> |
19: <%= link_to 'Nxt', nxt(@user) %>

    app/views/users/show.html.erb:19
    app/controllers/users_controller.rb:18:in `show'

Rendered rescues/_trace (364.0ms)
Rendered rescues/_request_and_response (0.0ms)
Rendering rescues/layout (internal_server_error)


Processing UsersController#show (for 127.0.0.1 at 2010-02-07 17:24:06) [GET]
  Parameters: {"id"=>"1"}
  [4;35;1mUser Load (1.0ms)[0m   [0mSELECT * FROM "users" WHERE ("users"."id" = 1) [0m
Rendering template within layouts/users
Rendering users/show

ActionView::TemplateError (undefined method `nxt_path' for #<ActionView::Base:0x53aba90>) on line #19 of app/views/users/show.html.erb:
16: 
17: <%= link_to 'Edit', edit_user_path(@user) %> |
18: <%= link_to 'Back', users_path %> |
19: <%= link_to 'Nxt', nxt_path(@user) %>

    app/views/users/show.html.erb:19
    app/controllers/users_controller.rb:18:in `show'

Rendered rescues/_trace (176.0ms)
Rendered rescues/_request_and_response (2.0ms)
Rendering rescues/layout (internal_server_error)


Processing UsersController#show (for 127.0.0.1 at 2010-02-07 17:27:33) [GET]
  Parameters: {"id"=>"1"}
  [4;36;1mUser Load (0.0ms)[0m   [0;1mSELECT * FROM "users" WHERE ("users"."id" = 1) [0m
Rendering template within layouts/users
Rendering users/show

ActionView::TemplateError (undefined method `nxt_path' for #<ActionView::Base:0x4137d38>) on line #19 of app/views/users/show.html.erb:
16: 
17: <%= link_to 'Edit', edit_user_path(@user) %> |
18: <%= link_to 'Back', users_path %> |
19: <%= link_to 'Nxt', nxt_path(@user) %>

    app/views/users/show.html.erb:19
    app/controllers/users_controller.rb:18:in `show'

Rendered rescues/_trace (239.0ms)
Rendered rescues/_request_and_response (1.0ms)
Rendering rescues/layout (internal_server_error)


Processing UsersController#show (for 127.0.0.1 at 2010-02-07 17:28:06) [GET]
  Parameters: {"id"=>"1"}
  [4;35;1mUser Load (2.0ms)[0m   [0mSELECT * FROM "users" WHERE ("users"."id" = 1) [0m
Rendering template within layouts/users
Rendering users/show

ActionView::TemplateError (undefined method `nxt_user_path' for #<ActionView::Base:0x520cf80>) on line #19 of app/views/users/show.html.erb:
16: 
17: <%= link_to 'Edit', edit_user_path(@user) %> |
18: <%= link_to 'Back', users_path %> |
19: <%= link_to 'Nxt', nxt_user_path(@user) %>

    app/views/users/show.html.erb:19
    app/controllers/users_controller.rb:18:in `show'

Rendered rescues/_trace (554.0ms)
Rendered rescues/_request_and_response (2.0ms)
Rendering rescues/layout (internal_server_error)


Processing UsersController#show (for 127.0.0.1 at 2010-02-07 17:30:09) [GET]
  Parameters: {"id"=>"1"}
  [4;36;1mUser Load (1.0ms)[0m   [0;1mSELECT * FROM "users" WHERE ("users"."id" = 1) [0m
Rendering template within layouts/users
Rendering users/show

ActionView::TemplateError (undefined local variable or method `nxt_user_path' for #<ActionView::Base:0x53911f8>) on line #19 of app/views/users/show.html.erb:
16: 
17: <%= link_to 'Edit', edit_user_path(@user) %> |
18: <%= link_to 'Back', users_path %> |
19: <%= link_to 'Nxt', nxt_user_path %>

    app/views/users/show.html.erb:19
    app/controllers/users_controller.rb:18:in `show'

Rendered rescues/_trace (171.0ms)
Rendered rescues/_request_and_response (0.0ms)
Rendering rescues/layout (internal_server_error)


Processing UsersController#1 (for 127.0.0.1 at 2010-02-07 17:33:18) [GET]
  Parameters: {"id"=>"show"}

ActionController::UnknownAction (No action responded to 1. Actions: create, destroy, edit, index, new, nxt, show, and update):
  

Rendering rescues/layout (not_found)


Processing UsersController#index (for 127.0.0.1 at 2010-02-07 17:33:29) [GET]
  [4;35;1mUser Load (1.0ms)[0m   [0mSELECT * FROM "users" [0m
Rendering template within layouts/users
Rendering users/index
Completed in 58ms (View: 34, DB: 1) | 200 OK [http://127.0.0.1/users]


Processing UsersController#show (for 127.0.0.1 at 2010-02-07 17:33:30) [GET]
  Parameters: {"id"=>"1"}
  [4;36;1mUser Load (1.0ms)[0m   [0;1mSELECT * FROM "users" WHERE ("users"."id" = 1) [0m
Rendering template within layouts/users
Rendering users/show

ActionView::TemplateError (undefined local variable or method `nxt_user_path' for #<ActionView::Base:0x53d4728>) on line #19 of app/views/users/show.html.erb:
16: 
17: <%= link_to 'Edit', edit_user_path(@user) %> |
18: <%= link_to 'Back', users_path %> |
19: <!--<%= link_to 'Nxt', nxt_user_path %>-->

    app/views/users/show.html.erb:19
    app/controllers/users_controller.rb:18:in `show'

Rendered rescues/_trace (180.0ms)
Rendered rescues/_request_and_response (1.0ms)
Rendering rescues/layout (internal_server_error)


Processing UsersController#1 (for 127.0.0.1 at 2010-02-07 17:33:53) [GET]
  Parameters: {"id"=>"show"}

ActionController::UnknownAction (No action responded to 1. Actions: create, destroy, edit, index, new, nxt, show, and update):
  

Rendering rescues/layout (not_found)


Processing UsersController#index (for 127.0.0.1 at 2010-02-07 17:34:06) [GET]
  [4;35;1mUser Load (2.0ms)[0m   [0mSELECT * FROM "users" [0m
Rendering template within layouts/users
Rendering users/index
Completed in 52ms (View: 31, DB: 2) | 200 OK [http://127.0.0.1/users]


Processing UsersController#show (for 127.0.0.1 at 2010-02-07 17:34:08) [GET]
  Parameters: {"id"=>"2"}
  [4;36;1mUser Load (1.0ms)[0m   [0;1mSELECT * FROM "users" WHERE ("users"."id" = 2) [0m
Rendering template within layouts/users
Rendering users/show

ActionView::TemplateError (undefined local variable or method `nxt_user_path' for #<ActionView::Base:0x54f4710>) on line #19 of app/views/users/show.html.erb:
16: 
17: <%= link_to 'Edit', edit_user_path(@user) %> |
18: <%= link_to 'Back', users_path %> |
19: <!--<%= link_to 'Nxt', nxt_user_path %>-->

    app/views/users/show.html.erb:19
    app/controllers/users_controller.rb:18:in `show'

Rendered rescues/_trace (176.0ms)
Rendered rescues/_request_and_response (1.0ms)
Rendering rescues/layout (internal_server_error)


Processing UsersController#1 (for 127.0.0.1 at 2010-02-07 17:34:49) [GET]
  Parameters: {"id"=>"show"}

ActionController::UnknownAction (No action responded to 1. Actions: create, destroy, edit, index, new, nxt, show, and update):
  

Rendering rescues/layout (not_found)


Processing UsersController#1 (for 127.0.0.1 at 2010-02-07 17:35:10) [GET]
  Parameters: {"id"=>"show"}

ActionController::UnknownAction (No action responded to 1. Actions: create, destroy, edit, index, new, nxt, show, and update):
  

Rendering rescues/layout (not_found)


Processing UsersController#show (for 127.0.0.1 at 2010-02-07 17:35:13) [GET]
  Parameters: {"id"=>"1"}
  [4;35;1mUser Load (1.0ms)[0m   [0mSELECT * FROM "users" WHERE ("users"."id" = 1) [0m
Rendering template within layouts/users
Rendering users/show
Completed in 61ms (View: 30, DB: 1) | 200 OK [http://127.0.0.1/users/1/]


Processing UsersController#show (for 127.0.0.1 at 2010-02-07 17:35:56) [GET]
  Parameters: {"id"=>"1"}
  [4;36;1mUser Load (1.0ms)[0m   [0;1mSELECT * FROM "users" WHERE ("users"."id" = 1) [0m
Rendering template within layouts/users
Rendering users/show
Completed in 36ms (View: 11, DB: 1) | 200 OK [http://127.0.0.1/users/1/]


Processing UsersController#show (for 127.0.0.1 at 2010-02-07 17:36:05) [GET]
  Parameters: {"id"=>"1"}
  [4;35;1mUser Load (1.0ms)[0m   [0mSELECT * FROM "users" WHERE ("users"."id" = 1) [0m
Rendering template within layouts/users
Rendering users/show
Completed in 39ms (View: 13, DB: 1) | 200 OK [http://127.0.0.1/users/1]


Processing UsersController#edit (for 127.0.0.1 at 2010-02-07 17:36:09) [GET]
  Parameters: {"id"=>"1"}
  [4;36;1mUser Load (1.0ms)[0m   [0;1mSELECT * FROM "users" WHERE ("users"."id" = 1) [0m
Rendering template within layouts/users
Rendering users/edit
Completed in 61ms (View: 37, DB: 1) | 200 OK [http://127.0.0.1/users/1/edit]


Processing UsersController#index (for 127.0.0.1 at 2010-02-07 17:36:13) [GET]
  [4;35;1mUser Load (2.0ms)[0m   [0mSELECT * FROM "users" [0m
Rendering template within layouts/users
Rendering users/index
Completed in 67ms (View: 42, DB: 2) | 200 OK [http://127.0.0.1/users]


Processing UsersController#show (for 127.0.0.1 at 2010-02-07 17:36:44) [GET]
  Parameters: {"id"=>"1"}
  [4;36;1mUser Load (6.0ms)[0m   [0;1mSELECT * FROM "users" WHERE ("users"."id" = 1) [0m
Rendering template within layouts/users
Rendering users/show
Completed in 52ms (View: 21, DB: 6) | 200 OK [http://127.0.0.1/users/1]


Processing UsersController#show (for 127.0.0.1 at 2010-02-07 17:36:44) [GET]
  Parameters: {"id"=>"1"}
  [4;35;1mUser Load (1.0ms)[0m   [0mSELECT * FROM "users" WHERE ("users"."id" = 1) [0m
Rendering template within layouts/users
Rendering users/show
Completed in 44ms (View: 16, DB: 1) | 200 OK [http://127.0.0.1/users/1]


Processing UsersController#index (for 127.0.0.1 at 2010-02-07 17:36:46) [GET]
  [4;36;1mUser Load (2.0ms)[0m   [0;1mSELECT * FROM "users" [0m
Rendering template within layouts/users
Rendering users/index
Completed in 60ms (View: 38, DB: 2) | 200 OK [http://127.0.0.1/users]
